2024.01.17 21:29:14 INFO  Started: Metals version 1.2.0 in folders '/Users/agusrichard/Documents/personal/workbook/scala-workbook/scala3-book-tutorial' for client Visual Studio Code 1.85.1.
2024.01.17 21:29:16 WARN  Build server is not auto-connectable.
2024.01.17 21:29:16 WARN  no build tool detected in workspace '/Users/agusrichard/Documents/personal/workbook/scala-workbook/scala3-book-tutorial'. The most common cause for this problem is that the editor was opened in the wrong working directory, for example if you use sbt then the workspace directory should contain build.sbt. 
2024.01.17 21:29:16 WARN  no build target for: /Users/agusrichard/Documents/personal/workbook/scala-workbook/scala3-book-tutorial/code/oopDomainModeling.scala
2024.01.17 21:29:16 WARN  no build target for: /Users/agusrichard/Documents/personal/workbook/scala-workbook/scala3-book-tutorial/code/controlStructures.scala
2024.01.17 21:29:29 INFO  no build target found for /Users/agusrichard/Documents/personal/workbook/scala-workbook/scala3-book-tutorial/code/controlStructures.scala. Using presentation compiler with project's scala-library version: 3.3.1
2024.01.17 21:29:34 INFO  time: code lens generation in 10s
2024.01.17 21:29:34 INFO  time: code lens generation in 18s
Jan 17, 2024 9:29:39 PM org.eclipse.lsp4j.jsonrpc.RemoteEndpoint handleCancellation
WARNING: Unmatched cancel notification for request id 26
2024.01.17 21:29:39 INFO  time: code lens generation in 2.34s
2024.01.17 21:29:40 INFO  time: code lens generation in 1.19s
2024.01.17 21:29:41 INFO  time: code lens generation in 1.07s
2024.01.17 21:29:46 INFO  time: code lens generation in 4.14s
2024.01.17 21:29:46 INFO  time: code lens generation in 3.13s
2024.01.17 21:29:46 INFO  time: code lens generation in 2.33s
2024.01.17 21:29:46 INFO  time: code lens generation in 1.73s
Downloading https://repo1.maven.org/maven2/org/scalameta/scalafmt-core_2.13/3.7.15/scalafmt-core_2.13-3.7.15.pom
Downloaded https://repo1.maven.org/maven2/org/scalameta/scalafmt-core_2.13/3.7.15/scalafmt-core_2.13-3.7.15.pom
Downloading https://repo1.maven.org/maven2/org/scalameta/scalafmt-sysops_2.13/3.7.15/scalafmt-sysops_2.13-3.7.15.pom
Downloading https://repo1.maven.org/maven2/org/scalameta/scalameta_2.13/4.8.12/scalameta_2.13-4.8.12.pom
Downloading https://repo1.maven.org/maven2/org/scalameta/scalafmt-config_2.13/3.7.15/scalafmt-config_2.13-3.7.15.pom
Downloaded https://repo1.maven.org/maven2/org/scalameta/scalafmt-sysops_2.13/3.7.15/scalafmt-sysops_2.13-3.7.15.pom
Downloaded https://repo1.maven.org/maven2/org/scalameta/scalafmt-config_2.13/3.7.15/scalafmt-config_2.13-3.7.15.pom
Downloaded https://repo1.maven.org/maven2/org/scalameta/scalameta_2.13/4.8.12/scalameta_2.13-4.8.12.pom
Downloading https://repo1.maven.org/maven2/org/scalameta/parsers_2.13/4.8.12/parsers_2.13-4.8.12.pom
Downloaded https://repo1.maven.org/maven2/org/scalameta/parsers_2.13/4.8.12/parsers_2.13-4.8.12.pom
Downloading https://repo1.maven.org/maven2/com/typesafe/config/1.4.1/config-1.4.1.pom
Downloading https://repo1.maven.org/maven2/org/scalameta/trees_2.13/4.8.12/trees_2.13-4.8.12.pom
Downloaded https://repo1.maven.org/maven2/org/scalameta/trees_2.13/4.8.12/trees_2.13-4.8.12.pom
Downloaded https://repo1.maven.org/maven2/com/typesafe/config/1.4.1/config-1.4.1.pom
Downloading https://repo1.maven.org/maven2/org/scalameta/common_2.13/4.8.12/common_2.13-4.8.12.pom
Downloaded https://repo1.maven.org/maven2/org/scalameta/common_2.13/4.8.12/common_2.13-4.8.12.pom
Downloading https://repo1.maven.org/maven2/org/scalameta/scalameta_2.13/4.8.12/scalameta_2.13-4.8.12.jar
Downloading https://repo1.maven.org/maven2/org/scalameta/scalafmt-sysops_2.13/3.7.15/scalafmt-sysops_2.13-3.7.15.jar
Downloading https://repo1.maven.org/maven2/org/scalameta/common_2.13/4.8.12/common_2.13-4.8.12.jar
Downloading https://repo1.maven.org/maven2/com/typesafe/config/1.4.1/config-1.4.1.jar
Downloading https://repo1.maven.org/maven2/org/scalameta/trees_2.13/4.8.12/trees_2.13-4.8.12.jar
Downloading https://repo1.maven.org/maven2/org/scalameta/scalafmt-config_2.13/3.7.15/scalafmt-config_2.13-3.7.15.jar
Downloaded https://repo1.maven.org/maven2/org/scalameta/scalafmt-sysops_2.13/3.7.15/scalafmt-sysops_2.13-3.7.15.jar
Downloading https://repo1.maven.org/maven2/org/scalameta/parsers_2.13/4.8.12/parsers_2.13-4.8.12.jar
Downloaded https://repo1.maven.org/maven2/org/scalameta/scalafmt-config_2.13/3.7.15/scalafmt-config_2.13-3.7.15.jar
Downloading https://repo1.maven.org/maven2/org/scalameta/scalafmt-core_2.13/3.7.15/scalafmt-core_2.13-3.7.15.jar
Downloaded https://repo1.maven.org/maven2/org/scalameta/scalameta_2.13/4.8.12/scalameta_2.13-4.8.12.jar
Downloaded https://repo1.maven.org/maven2/org/scalameta/parsers_2.13/4.8.12/parsers_2.13-4.8.12.jar
Downloaded https://repo1.maven.org/maven2/com/typesafe/config/1.4.1/config-1.4.1.jar
Downloaded https://repo1.maven.org/maven2/org/scalameta/common_2.13/4.8.12/common_2.13-4.8.12.jar
Downloaded https://repo1.maven.org/maven2/org/scalameta/scalafmt-core_2.13/3.7.15/scalafmt-core_2.13-3.7.15.jar
2024.01.17 21:30:10 WARN  no build target for: /Users/agusrichard/Documents/personal/workbook/scala-workbook/scala3-book-tutorial/code/oopDomainModeling.scala
Downloaded https://repo1.maven.org/maven2/org/scalameta/trees_2.13/4.8.12/trees_2.13-4.8.12.jar
2024.01.17 21:30:13 ERROR scalafmt: /Users/agusrichard/Documents/personal/workbook/scala-workbook/scala3-book-tutorial/code/oopDomainModeling.scala:1: error: [dialect scala213] ; expected but : found
trait Speak:
           ^
2024.01.17 21:30:26 ERROR scalafmt: /Users/agusrichard/Documents/personal/workbook/scala-workbook/scala3-book-tutorial/code/oopDomainModeling.scala:1: error: [dialect scala213] ; expected but : found
trait Speak:
           ^
2024.01.17 21:30:26 WARN  no build target for: /Users/agusrichard/Documents/personal/workbook/scala-workbook/scala3-book-tutorial/code/oopDomainModeling.scala
2024.01.17 21:30:41 ERROR scalafmt: /Users/agusrichard/Documents/personal/workbook/scala-workbook/scala3-book-tutorial/code/oopDomainModeling.scala:1: error: [dialect scala213] ; expected but : found
trait Speak:
           ^
2024.01.17 21:30:41 WARN  no build target for: /Users/agusrichard/Documents/personal/workbook/scala-workbook/scala3-book-tutorial/code/oopDomainModeling.scala
2024.01.17 21:30:43 ERROR scalafmt: /Users/agusrichard/Documents/personal/workbook/scala-workbook/scala3-book-tutorial/code/oopDomainModeling.scala:1: error: [dialect scala213] ; expected but : found
trait Speak:
           ^
2024.01.17 21:30:43 WARN  no build target for: /Users/agusrichard/Documents/personal/workbook/scala-workbook/scala3-book-tutorial/code/oopDomainModeling.scala
2024.01.17 21:31:04 INFO  time: code lens generation in 1.29s
Jan 17, 2024 9:31:04 PM org.eclipse.lsp4j.jsonrpc.RemoteEndpoint handleCancellation
WARNING: Unmatched cancel notification for request id 257
2024.01.17 21:31:05 INFO  time: code lens generation in 1.36s
2024.01.17 21:31:15 ERROR Failed to tokenize input for semantic tokens for /Users/agusrichard/Documents/personal/workbook/scala-workbook/scala3-book-tutorial/code/oopDomainModeling.scala
scala.meta.tokenizers.TokenizeException: <input>:10: error: unclosed string interpolation
    def stopRunning(): Unit = println"()
                                      ^
	at scala.meta.internal.tokenizers.Reporter.syntaxError(Reporter.scala:23)
	at scala.meta.internal.tokenizers.Reporter.syntaxError$(Reporter.scala:23)
	at scala.meta.internal.tokenizers.Reporter$$anon$1.syntaxError(Reporter.scala:33)
	at scala.meta.internal.tokenizers.Reporter.syntaxError(Reporter.scala:25)
	at scala.meta.internal.tokenizers.Reporter.syntaxError$(Reporter.scala:25)
	at scala.meta.internal.tokenizers.Reporter$$anon$1.syntaxError(Reporter.scala:33)
	at scala.meta.internal.tokenizers.LegacyScanner.getStringPart(LegacyScanner.scala:659)
	at scala.meta.internal.tokenizers.LegacyScanner.fetchDoubleQuote$1(LegacyScanner.scala:357)
	at scala.meta.internal.tokenizers.LegacyScanner.fetchToken(LegacyScanner.scala:376)
	at scala.meta.internal.tokenizers.LegacyScanner.nextToken(LegacyScanner.scala:211)
	at scala.meta.internal.tokenizers.LegacyScanner.foreach(LegacyScanner.scala:1011)
	at scala.meta.internal.tokenizers.ScalametaTokenizer.uncachedTokenize(ScalametaTokenizer.scala:24)
	at scala.meta.internal.tokenizers.ScalametaTokenizer.$anonfun$tokenize$1(ScalametaTokenizer.scala:17)
	at scala.collection.concurrent.TrieMap.getOrElseUpdate(TrieMap.scala:962)
	at scala.meta.internal.tokenizers.ScalametaTokenizer.tokenize(ScalametaTokenizer.scala:17)
	at scala.meta.internal.tokenizers.ScalametaTokenizer$$anon$2.apply(ScalametaTokenizer.scala:332)
	at scala.meta.tokenizers.Api$XtensionTokenizeDialectInput.tokenize(Api.scala:25)
	at scala.meta.tokenizers.Api$XtensionTokenizeInputLike.tokenize(Api.scala:14)
	at scala.meta.internal.metals.SemanticTokensProvider$.getTokens(SemanticTokensProvider.scala:28)
	at scala.meta.internal.metals.SemanticTokensProvider$.provide(SemanticTokensProvider.scala:89)
	at scala.meta.internal.metals.Compilers.$anonfun$semanticTokens$3(Compilers.scala:541)
	at scala.concurrent.impl.Promise$Transformation.run(Promise.scala:467)
	at java.util.concurrent.ThreadPoolExecutor.runWorker(ThreadPoolExecutor.java:1128)
	at java.util.concurrent.ThreadPoolExecutor$Worker.run(ThreadPoolExecutor.java:628)
	at java.lang.Thread.run(Thread.java:829)

2024.01.17 21:31:20 ERROR scalafmt: /Users/agusrichard/Documents/personal/workbook/scala-workbook/scala3-book-tutorial/code/oopDomainModeling.scala:1: error: [dialect scala213] ; expected but : found
trait Speak:
           ^
2024.01.17 21:31:20 WARN  no build target for: /Users/agusrichard/Documents/personal/workbook/scala-workbook/scala3-book-tutorial/code/oopDomainModeling.scala
Jan 17, 2024 9:31:32 PM org.eclipse.lsp4j.jsonrpc.RemoteEndpoint handleCancellation
WARNING: Unmatched cancel notification for request id 451
Exception in thread "pool-3-thread-1" java.lang.InterruptedException
	at scala.meta.internal.metals.FutureCancelToken.checkCanceled(FutureCancelToken.scala:29)
	at scala.meta.internal.pc.CompilerAccess.onCompilerJobQueue$$anonfun$1(CompilerAccess.scala:230)
	at scala.meta.internal.pc.CompilerJobQueue$Job.run(CompilerJobQueue.scala:152)
	at java.base/java.util.concurrent.ThreadPoolExecutor.runWorker(ThreadPoolExecutor.java:1128)
	at java.base/java.util.concurrent.ThreadPoolExecutor$Worker.run(ThreadPoolExecutor.java:628)
	at java.base/java.lang.Thread.run(Thread.java:829)
2024.01.17 21:31:44 INFO  time: code lens generation in 1.89s
2024.01.17 21:32:00 ERROR scalafmt: /Users/agusrichard/Documents/personal/workbook/scala-workbook/scala3-book-tutorial/code/oopDomainModeling.scala:1: error: [dialect scala213] ; expected but : found
trait Speak:
           ^
2024.01.17 21:32:00 WARN  no build target for: /Users/agusrichard/Documents/personal/workbook/scala-workbook/scala3-book-tutorial/code/oopDomainModeling.scala
2024.01.17 21:32:03 ERROR scalafmt: /Users/agusrichard/Documents/personal/workbook/scala-workbook/scala3-book-tutorial/code/oopDomainModeling.scala:1: error: [dialect scala213] ; expected but : found
trait Speak:
           ^
2024.01.17 21:32:03 WARN  no build target for: /Users/agusrichard/Documents/personal/workbook/scala-workbook/scala3-book-tutorial/code/oopDomainModeling.scala
Jan 17, 2024 9:32:40 PM org.eclipse.lsp4j.jsonrpc.RemoteEndpoint handleCancellation
WARNING: Unmatched cancel notification for request id 839
Jan 17, 2024 9:32:40 PM org.eclipse.lsp4j.jsonrpc.RemoteEndpoint handleCancellation
WARNING: Unmatched cancel notification for request id 840
Jan 17, 2024 9:32:40 PM org.eclipse.lsp4j.jsonrpc.RemoteEndpoint handleCancellation
WARNING: Unmatched cancel notification for request id 842
Jan 17, 2024 9:33:04 PM org.eclipse.lsp4j.jsonrpc.RemoteEndpoint handleCancellation
WARNING: Unmatched cancel notification for request id 1054
2024.01.17 21:33:05 ERROR scalafmt: /Users/agusrichard/Documents/personal/workbook/scala-workbook/scala3-book-tutorial/code/oopDomainModeling.scala:1: error: [dialect scala213] ; expected but : found
trait Speak:
           ^
2024.01.17 21:33:05 WARN  no build target for: /Users/agusrichard/Documents/personal/workbook/scala-workbook/scala3-book-tutorial/code/oopDomainModeling.scala
Jan 17, 2024 9:33:05 PM org.eclipse.lsp4j.jsonrpc.RemoteEndpoint handleCancellation
WARNING: Unmatched cancel notification for request id 1068
Exception in thread "pool-3-thread-2" java.lang.InterruptedException
	at scala.meta.internal.metals.FutureCancelToken.checkCanceled(FutureCancelToken.scala:29)
	at scala.meta.internal.pc.CompilerAccess.onCompilerJobQueue$$anonfun$1(CompilerAccess.scala:230)
	at scala.meta.internal.pc.CompilerJobQueue$Job.run(CompilerJobQueue.scala:152)
	at java.base/java.util.concurrent.ThreadPoolExecutor.runWorker(ThreadPoolExecutor.java:1128)
	at java.base/java.util.concurrent.ThreadPoolExecutor$Worker.run(ThreadPoolExecutor.java:628)
	at java.base/java.lang.Thread.run(Thread.java:829)
2024.01.17 21:33:42 ERROR scalafmt: /Users/agusrichard/Documents/personal/workbook/scala-workbook/scala3-book-tutorial/code/oopDomainModeling.scala:1: error: [dialect scala213] ; expected but : found
trait Speak:
           ^
2024.01.17 21:33:42 WARN  no build target for: /Users/agusrichard/Documents/personal/workbook/scala-workbook/scala3-book-tutorial/code/oopDomainModeling.scala
2024.01.17 21:36:08 ERROR scalafmt: /Users/agusrichard/Documents/personal/workbook/scala-workbook/scala3-book-tutorial/code/oopDomainModeling.scala:1: error: [dialect scala213] ; expected but : found
trait Speak:
           ^
2024.01.17 21:36:08 WARN  no build target for: /Users/agusrichard/Documents/personal/workbook/scala-workbook/scala3-book-tutorial/code/oopDomainModeling.scala
2024.01.17 21:42:55 WARN  no build target for: /Users/agusrichard/Documents/personal/workbook/scala-workbook/scala3-book-tutorial/code/fpDomainModeling.scala
2024.01.17 21:42:55 WARN  Could not find semantic tokens for: file:///Users/agusrichard/Documents/personal/workbook/scala-workbook/scala3-book-tutorial/code/fpDomainModeling.scala
2024.01.17 21:43:02 WARN  Could not find semantic tokens for: file:///Users/agusrichard/Documents/personal/workbook/scala-workbook/scala3-book-tutorial/code/fpDomainModeling.scala
2024.01.17 21:43:11 ERROR scalafmt: /Users/agusrichard/Documents/personal/workbook/scala-workbook/scala3-book-tutorial/code/fpDomainModeling.scala:2: error: [dialect scala213] illegal start of simple expression
    
    ^
2024.01.17 21:43:11 WARN  no build target for: /Users/agusrichard/Documents/personal/workbook/scala-workbook/scala3-book-tutorial/code/fpDomainModeling.scala
2024.01.17 21:43:31 WARN  Could not find semantic tokens for: file:///Users/agusrichard/Documents/personal/workbook/scala-workbook/scala3-book-tutorial/code/fpDomainModeling.scala
Jan 17, 2024 9:43:33 PM org.eclipse.lsp4j.jsonrpc.RemoteEndpoint handleCancellation
WARNING: Unmatched cancel notification for request id 1488
Jan 17, 2024 9:43:33 PM org.eclipse.lsp4j.jsonrpc.RemoteEndpoint handleCancellation
WARNING: Unmatched cancel notification for request id 1489
2024.01.17 21:43:33 WARN  Could not find semantic tokens for: file:///Users/agusrichard/Documents/personal/workbook/scala-workbook/scala3-book-tutorial/code/fpDomainModeling.scala
2024.01.17 21:43:34 WARN  Could not find semantic tokens for: file:///Users/agusrichard/Documents/personal/workbook/scala-workbook/scala3-book-tutorial/code/fpDomainModeling.scala
2024.01.17 21:43:34 WARN  Could not find semantic tokens for: file:///Users/agusrichard/Documents/personal/workbook/scala-workbook/scala3-book-tutorial/code/fpDomainModeling.scala
2024.01.17 21:43:37 INFO  time: code lens generation in 1.27s
2024.01.17 21:43:38 INFO  time: code lens generation in 1.27s
2024.01.17 21:43:38 WARN  Could not find semantic tokens for: file:///Users/agusrichard/Documents/personal/workbook/scala-workbook/scala3-book-tutorial/code/fpDomainModeling.scala
2024.01.17 21:43:58 WARN  no build target for: /Users/agusrichard/Documents/personal/workbook/scala-workbook/scala3-book-tutorial/code/fpDomainModeling.scala
2024.01.17 21:44:07 WARN  Could not find semantic tokens for: file:///Users/agusrichard/Documents/personal/workbook/scala-workbook/scala3-book-tutorial/code/fpDomainModeling.scala
2024.01.17 21:44:08 WARN  Could not find semantic tokens for: file:///Users/agusrichard/Documents/personal/workbook/scala-workbook/scala3-book-tutorial/code/fpDomainModeling.scala
Jan 17, 2024 9:44:09 PM org.eclipse.lsp4j.jsonrpc.RemoteEndpoint handleCancellation
WARNING: Unmatched cancel notification for request id 1682
Exception in thread "pool-3-thread-3" java.lang.InterruptedException
	at scala.meta.internal.metals.FutureCancelToken.checkCanceled(FutureCancelToken.scala:29)
	at scala.meta.internal.pc.CompilerAccess.onCompilerJobQueue$$anonfun$1(CompilerAccess.scala:230)
	at scala.meta.internal.pc.CompilerJobQueue$Job.run(CompilerJobQueue.scala:152)
	at java.base/java.util.concurrent.ThreadPoolExecutor.runWorker(ThreadPoolExecutor.java:1128)
	at java.base/java.util.concurrent.ThreadPoolExecutor$Worker.run(ThreadPoolExecutor.java:628)
	at java.base/java.lang.Thread.run(Thread.java:829)
Jan 17, 2024 9:44:15 PM org.eclipse.lsp4j.jsonrpc.RemoteEndpoint handleCancellation
WARNING: Unmatched cancel notification for request id 1730
Jan 17, 2024 9:44:19 PM org.eclipse.lsp4j.jsonrpc.RemoteEndpoint handleCancellation
WARNING: Unmatched cancel notification for request id 1768
Jan 17, 2024 9:44:33 PM org.eclipse.lsp4j.jsonrpc.RemoteEndpoint handleCancellation
WARNING: Unmatched cancel notification for request id 1846
Jan 17, 2024 9:44:33 PM org.eclipse.lsp4j.jsonrpc.RemoteEndpoint handleCancellation
WARNING: Unmatched cancel notification for request id 1848
Jan 17, 2024 9:44:33 PM org.eclipse.lsp4j.jsonrpc.RemoteEndpoint handleCancellation
WARNING: Unmatched cancel notification for request id 1845
2024.01.17 21:44:53 ERROR scalafmt: /Users/agusrichard/Documents/personal/workbook/scala-workbook/scala3-book-tutorial/code/fpDomainModeling.scala:2: error: [dialect scala213] identifier expected but case found
    case Male, Female
    ^
2024.01.17 21:44:53 WARN  no build target for: /Users/agusrichard/Documents/personal/workbook/scala-workbook/scala3-book-tutorial/code/fpDomainModeling.scala
2024.01.17 21:44:56 ERROR scalafmt: /Users/agusrichard/Documents/personal/workbook/scala-workbook/scala3-book-tutorial/code/fpDomainModeling.scala:2: error: [dialect scala213] identifier expected but case found
    case Male, Female
    ^
2024.01.17 21:44:56 WARN  no build target for: /Users/agusrichard/Documents/personal/workbook/scala-workbook/scala3-book-tutorial/code/fpDomainModeling.scala
2024.01.17 21:45:01 INFO  time: code lens generation in 1.23s
2024.01.17 21:45:02 INFO  time: code lens generation in 1.22s
Exception in thread "pool-3-thread-4" java.lang.InterruptedException
	at scala.meta.internal.metals.FutureCancelToken.checkCanceled(FutureCancelToken.scala:29)
	at scala.meta.internal.pc.CompilerAccess.onCompilerJobQueue$$anonfun$1(CompilerAccess.scala:230)
	at scala.meta.internal.pc.CompilerJobQueue$Job.run(CompilerJobQueue.scala:152)
	at java.base/java.util.concurrent.ThreadPoolExecutor.runWorker(ThreadPoolExecutor.java:1128)
	at java.base/java.util.concurrent.ThreadPoolExecutor$Worker.run(ThreadPoolExecutor.java:628)
	at java.base/java.lang.Thread.run(Thread.java:829)
2024.01.17 21:45:06 WARN  no build target for: /Users/agusrichard/Documents/personal/workbook/scala-workbook/scala3-book-tutorial/code/fpDomainModeling.scala
Jan 17, 2024 9:45:06 PM org.eclipse.lsp4j.jsonrpc.RemoteEndpoint handleCancellation
WARNING: Unmatched cancel notification for request id 2021
2024.01.17 21:45:06 ERROR scalafmt: /Users/agusrichard/Documents/personal/workbook/scala-workbook/scala3-book-tutorial/code/fpDomainModeling.scala:2: error: [dialect scala213] identifier expected but case found
    case Male, Female
    ^
2024.01.17 21:45:06 WARN  no build target for: /Users/agusrichard/Documents/personal/workbook/scala-workbook/scala3-book-tutorial/code/fpDomainModeling.scala
Jan 17, 2024 9:45:37 PM org.eclipse.lsp4j.jsonrpc.RemoteEndpoint handleCancellation
WARNING: Unmatched cancel notification for request id 2204
2024.01.17 21:45:44 ERROR scalafmt: /Users/agusrichard/Documents/personal/workbook/scala-workbook/scala3-book-tutorial/code/fpDomainModeling.scala:2: error: [dialect scala213] identifier expected but case found
    case Male, Female
    ^
2024.01.17 21:45:44 WARN  no build target for: /Users/agusrichard/Documents/personal/workbook/scala-workbook/scala3-book-tutorial/code/fpDomainModeling.scala
Exception in thread "pool-3-thread-5" java.lang.InterruptedException
	at scala.meta.internal.metals.FutureCancelToken.checkCanceled(FutureCancelToken.scala:29)
	at scala.meta.internal.pc.CompilerAccess.onCompilerJobQueue$$anonfun$1(CompilerAccess.scala:230)
	at scala.meta.internal.pc.CompilerJobQueue$Job.run(CompilerJobQueue.scala:152)
	at java.base/java.util.concurrent.ThreadPoolExecutor.runWorker(ThreadPoolExecutor.java:1128)
	at java.base/java.util.concurrent.ThreadPoolExecutor$Worker.run(ThreadPoolExecutor.java:628)
	at java.base/java.lang.Thread.run(Thread.java:829)
2024.01.17 21:45:51 ERROR scalafmt: /Users/agusrichard/Documents/personal/workbook/scala-workbook/scala3-book-tutorial/code/fpDomainModeling.scala:2: error: [dialect scala213] identifier expected but case found
    case Male, Female
    ^
2024.01.17 21:45:51 WARN  no build target for: /Users/agusrichard/Documents/personal/workbook/scala-workbook/scala3-book-tutorial/code/fpDomainModeling.scala
2024.01.17 21:46:40 ERROR scalafmt: /Users/agusrichard/Documents/personal/workbook/scala-workbook/scala3-book-tutorial/code/fpDomainModeling.scala:2: error: [dialect scala213] identifier expected but case found
    case Male, Female
    ^
2024.01.17 21:46:40 WARN  no build target for: /Users/agusrichard/Documents/personal/workbook/scala-workbook/scala3-book-tutorial/code/fpDomainModeling.scala
Jan 17, 2024 9:46:45 PM org.eclipse.lsp4j.jsonrpc.RemoteEndpoint handleCancellation
WARNING: Unmatched cancel notification for request id 2519
2024.01.17 21:46:49 ERROR scalafmt: /Users/agusrichard/Documents/personal/workbook/scala-workbook/scala3-book-tutorial/code/fpDomainModeling.scala:2: error: [dialect scala213] identifier expected but case found
    case Male, Female
    ^
2024.01.17 21:46:49 WARN  no build target for: /Users/agusrichard/Documents/personal/workbook/scala-workbook/scala3-book-tutorial/code/fpDomainModeling.scala
2024.01.17 21:48:01 INFO  Shutting down server
2024.01.17 21:48:01 INFO  shutting down Metals
2024.01.17 21:48:01 INFO  Exiting server
2024.01.19 22:15:23 INFO  Started: Metals version 1.2.0 in folders '/Users/agusrichard/Documents/personal/workbook/scala-workbook/scala3-book-tutorial' for client Visual Studio Code 1.85.1.
2024.01.19 22:15:26 WARN  Build server is not auto-connectable.
2024.01.19 22:15:26 WARN  no build tool detected in workspace '/Users/agusrichard/Documents/personal/workbook/scala-workbook/scala3-book-tutorial'. The most common cause for this problem is that the editor was opened in the wrong working directory, for example if you use sbt then the workspace directory should contain build.sbt. 
2024.01.19 22:15:26 WARN  no build target for: /Users/agusrichard/Documents/personal/workbook/scala-workbook/scala3-book-tutorial/code/fpDomainModeling.scala
2024.01.19 22:15:38 INFO  no build target found for /Users/agusrichard/Documents/personal/workbook/scala-workbook/scala3-book-tutorial/code/fpDomainModeling.scala. Using presentation compiler with project's scala-library version: 3.3.1
2024.01.19 22:15:42 INFO  time: code lens generation in 15s
2024.01.19 22:34:34 INFO  Shutting down server
2024.01.19 22:34:34 INFO  shutting down Metals
2024.01.19 22:34:34 INFO  Exiting server
2024.01.19 22:35:00 INFO  Started: Metals version 1.2.0 in folders '/Users/agusrichard/Documents/personal/workbook/scala-workbook/scala3-book-tutorial' for client Visual Studio Code 1.85.1.
2024.01.19 22:35:02 WARN  Build server is not auto-connectable.
2024.01.19 22:35:02 WARN  no build tool detected in workspace '/Users/agusrichard/Documents/personal/workbook/scala-workbook/scala3-book-tutorial'. The most common cause for this problem is that the editor was opened in the wrong working directory, for example if you use sbt then the workspace directory should contain build.sbt. 
2024.01.19 22:35:02 WARN  no build target for: /Users/agusrichard/Documents/personal/workbook/scala-workbook/scala3-book-tutorial/code/hello.scala
2024.01.19 22:35:11 INFO  no build target found for /Users/agusrichard/Documents/personal/workbook/scala-workbook/scala3-book-tutorial/code/hello.scala. Using presentation compiler with project's scala-library version: 3.3.1
2024.01.19 22:35:14 INFO  time: code lens generation in 12s
2024.01.19 22:35:17 WARN  no build target for: /Users/agusrichard/Documents/personal/workbook/scala-workbook/scala3-book-tutorial/code/methods.scala
2024.01.19 22:35:17 WARN  Could not find semantic tokens for: file:///Users/agusrichard/Documents/personal/workbook/scala-workbook/scala3-book-tutorial/code/methods.scala
2024.01.19 22:35:18 WARN  Could not find semantic tokens for: file:///Users/agusrichard/Documents/personal/workbook/scala-workbook/scala3-book-tutorial/code/methods.scala
2024.01.19 22:35:23 WARN  Could not find semantic tokens for: file:///Users/agusrichard/Documents/personal/workbook/scala-workbook/scala3-book-tutorial/code/methods.scala
2024.01.19 22:35:28 WARN  Could not find semantic tokens for: file:///Users/agusrichard/Documents/personal/workbook/scala-workbook/scala3-book-tutorial/code/methods.scala
2024.01.19 22:35:31 WARN  Could not find semantic tokens for: file:///Users/agusrichard/Documents/personal/workbook/scala-workbook/scala3-book-tutorial/code/methods.scala
2024.01.19 22:35:32 WARN  Could not find semantic tokens for: file:///Users/agusrichard/Documents/personal/workbook/scala-workbook/scala3-book-tutorial/code/methods.scala
Jan 19, 2024 10:36:13 PM org.eclipse.lsp4j.jsonrpc.RemoteEndpoint handleCancellation
WARNING: Unmatched cancel notification for request id 28
2024.01.19 22:36:13 WARN  Could not find semantic tokens for: file:///Users/agusrichard/Documents/personal/workbook/scala-workbook/scala3-book-tutorial/code/methods.scala
Jan 19, 2024 10:36:24 PM org.eclipse.lsp4j.jsonrpc.RemoteEndpoint handleCancellation
WARNING: Unmatched cancel notification for request id 52
2024.01.19 22:36:30 INFO  time: code lens generation in 2.49s
2024.01.19 22:36:32 INFO  time: code lens generation in 2.31s
2024.01.19 22:36:32 INFO  time: code lens generation in 1.16s
2024.01.19 22:36:32 INFO  time: code lens generation in 3.45s
Jan 19, 2024 10:36:52 PM org.eclipse.lsp4j.jsonrpc.RemoteEndpoint handleCancellation
WARNING: Unmatched cancel notification for request id 179
2024.01.19 22:37:10 WARN  Could not find semantic tokens for: file:///Users/agusrichard/Documents/personal/workbook/scala-workbook/scala3-book-tutorial/code/methods.scala
2024.01.19 22:37:13 WARN  Could not find semantic tokens for: file:///Users/agusrichard/Documents/personal/workbook/scala-workbook/scala3-book-tutorial/code/methods.scala
Jan 19, 2024 10:37:15 PM org.eclipse.lsp4j.jsonrpc.RemoteEndpoint handleCancellation
WARNING: Unmatched cancel notification for request id 236
Jan 19, 2024 10:37:16 PM org.eclipse.lsp4j.jsonrpc.RemoteEndpoint handleCancellation
WARNING: Unmatched cancel notification for request id 248
Jan 19, 2024 10:37:31 PM org.eclipse.lsp4j.jsonrpc.RemoteEndpoint handleCancellation
WARNING: Unmatched cancel notification for request id 301
Jan 19, 2024 10:37:35 PM org.eclipse.lsp4j.jsonrpc.RemoteEndpoint handleCancellation
WARNING: Unmatched cancel notification for request id 327
2024.01.19 22:37:40 INFO  time: code lens generation in 1.11s
2024.01.19 22:37:50 INFO  time: code lens generation in 1.25s
2024.01.19 22:38:02 INFO  time: code lens generation in 2.47s
2024.01.19 22:38:02 INFO  time: code lens generation in 1.97s
2024.01.19 22:38:06 INFO  time: code lens generation in 3.09s
Jan 19, 2024 10:38:12 PM org.eclipse.lsp4j.jsonrpc.RemoteEndpoint handleCancellation
WARNING: Unmatched cancel notification for request id 471
2024.01.19 22:38:14 WARN  no build target for: /Users/agusrichard/Documents/personal/workbook/scala-workbook/scala3-book-tutorial/code/methods.scala
2024.01.19 22:38:39 INFO  time: code lens generation in 1.55s
2024.01.19 22:38:39 INFO  time: code lens generation in 1.24s
2024.01.19 22:38:46 WARN  no build target for: /Users/agusrichard/Documents/personal/workbook/scala-workbook/scala3-book-tutorial/code/methods.scala
2024.01.19 22:39:24 WARN  no build target for: /Users/agusrichard/Documents/personal/workbook/scala-workbook/scala3-book-tutorial/code/methods.scala
2024.01.19 22:39:41 WARN  no build target for: /Users/agusrichard/Documents/personal/workbook/scala-workbook/scala3-book-tutorial/code/methods.scala
2024.01.19 22:39:59 WARN  no build target for: /Users/agusrichard/Documents/personal/workbook/scala-workbook/scala3-book-tutorial/code/methods.scala
2024.01.19 22:39:59 WARN  no build target for: /Users/agusrichard/Documents/personal/workbook/scala-workbook/scala3-book-tutorial/code/methods.scala
2024.01.19 22:41:05 INFO  time: code lens generation in 1.17s
Jan 19, 2024 10:41:17 PM org.eclipse.lsp4j.jsonrpc.RemoteEndpoint handleCancellation
WARNING: Unmatched cancel notification for request id 973
2024.01.19 22:41:29 WARN  no build target for: /Users/agusrichard/Documents/personal/workbook/scala-workbook/scala3-book-tutorial/code/methods.scala
Jan 19, 2024 10:41:33 PM org.eclipse.lsp4j.jsonrpc.RemoteEndpoint handleCancellation
WARNING: Unmatched cancel notification for request id 1061
2024.01.19 22:41:44 WARN  no build target for: /Users/agusrichard/Documents/personal/workbook/scala-workbook/scala3-book-tutorial/code/methods.scala
2024.01.19 22:41:54 WARN  no build target for: /Users/agusrichard/Documents/personal/workbook/scala-workbook/scala3-book-tutorial/code/methods.scala
2024.01.19 22:41:57 WARN  no build target for: /Users/agusrichard/Documents/personal/workbook/scala-workbook/scala3-book-tutorial/code/methods.scala
2024.01.19 22:42:01 WARN  no build target for: /Users/agusrichard/Documents/personal/workbook/scala-workbook/scala3-book-tutorial/code/methods.scala
2024.01.19 22:42:09 WARN  no build target for: /Users/agusrichard/Documents/personal/workbook/scala-workbook/scala3-book-tutorial/code/methods.scala
2024.01.19 22:42:30 WARN  no build target for: /Users/agusrichard/Documents/personal/workbook/scala-workbook/scala3-book-tutorial/code/methods.scala
2024.01.19 22:42:32 WARN  no build target for: /Users/agusrichard/Documents/personal/workbook/scala-workbook/scala3-book-tutorial/code/methods.scala
2024.01.19 22:42:34 WARN  no build target for: /Users/agusrichard/Documents/personal/workbook/scala-workbook/scala3-book-tutorial/code/methods.scala
2024.01.19 22:42:40 WARN  no build target for: /Users/agusrichard/Documents/personal/workbook/scala-workbook/scala3-book-tutorial/code/methods.scala
2024.01.19 22:42:44 WARN  no build target for: /Users/agusrichard/Documents/personal/workbook/scala-workbook/scala3-book-tutorial/code/methods.scala
2024.01.19 22:42:45 WARN  no build target for: /Users/agusrichard/Documents/personal/workbook/scala-workbook/scala3-book-tutorial/code/methods.scala
2024.01.19 22:43:23 WARN  no build target for: /Users/agusrichard/Documents/personal/workbook/scala-workbook/scala3-book-tutorial/code/methods.scala
2024.01.19 22:44:04 WARN  no build target for: /Users/agusrichard/Documents/personal/workbook/scala-workbook/scala3-book-tutorial/code/methods.scala
2024.01.19 22:44:05 WARN  no build target for: /Users/agusrichard/Documents/personal/workbook/scala-workbook/scala3-book-tutorial/code/methods.scala
2024.01.19 22:44:06 WARN  no build target for: /Users/agusrichard/Documents/personal/workbook/scala-workbook/scala3-book-tutorial/code/methods.scala
2024.01.19 22:44:10 WARN  no build target for: /Users/agusrichard/Documents/personal/workbook/scala-workbook/scala3-book-tutorial/code/methods.scala
2024.01.19 22:44:34 WARN  no build target for: /Users/agusrichard/Documents/personal/workbook/scala-workbook/scala3-book-tutorial/code/methods.scala
2024.01.19 22:44:36 WARN  no build target for: /Users/agusrichard/Documents/personal/workbook/scala-workbook/scala3-book-tutorial/code/methods.scala
2024.01.19 22:44:58 WARN  no build target for: /Users/agusrichard/Documents/personal/workbook/scala-workbook/scala3-book-tutorial/code/methods.scala
2024.01.19 22:45:04 WARN  no build target for: /Users/agusrichard/Documents/personal/workbook/scala-workbook/scala3-book-tutorial/code/methods.scala
Jan 19, 2024 10:45:06 PM org.eclipse.lsp4j.jsonrpc.RemoteEndpoint handleCancellation
WARNING: Unmatched cancel notification for request id 1508
2024.01.19 22:45:20 WARN  no build target for: /Users/agusrichard/Documents/personal/workbook/scala-workbook/scala3-book-tutorial/code/methods.scala
2024.01.19 22:46:18 WARN  no build target for: /Users/agusrichard/Documents/personal/workbook/scala-workbook/scala3-book-tutorial/code/methods.scala
2024.01.20 21:19:12 INFO  Started: Metals version 1.2.0 in folders '/Users/agusrichard/Documents/personal/workbook/scala-workbook/scala3-book-tutorial' for client Visual Studio Code 1.85.2.
2024.01.20 21:19:14 WARN  Build server is not auto-connectable.
2024.01.20 21:19:14 WARN  no build tool detected in workspace '/Users/agusrichard/Documents/personal/workbook/scala-workbook/scala3-book-tutorial'. The most common cause for this problem is that the editor was opened in the wrong working directory, for example if you use sbt then the workspace directory should contain build.sbt. 
2024.01.20 21:19:14 WARN  no build target for: /Users/agusrichard/Documents/personal/workbook/scala-workbook/scala3-book-tutorial/code/MyCoolApp.scala
2024.01.20 21:19:24 INFO  no build target found for /Users/agusrichard/Documents/personal/workbook/scala-workbook/scala3-book-tutorial/code/MyCoolApp.scala. Using presentation compiler with project's scala-library version: 3.3.1
2024.01.20 21:19:29 INFO  time: code lens generation in 14s
